  [1m[35m (13.8ms)[0m  [1m[35mCREATE DATABASE "api_development" ENCODING = 'unicode'[0m
  [1m[35m (3.6ms)[0m  [1m[35mCREATE TABLE "schema_migrations" ("version" character varying NOT NULL PRIMARY KEY)[0m
  [1m[35m (1.9ms)[0m  [1m[35mCREATE TABLE "ar_internal_metadata" ("key" character varying NOT NULL PRIMARY KEY, "value" character varying, "created_at" timestamp(6) NOT NULL, "updated_at" timestamp(6) NOT NULL)[0m
  [1m[35m (0.3ms)[0m  [1m[34mSELECT pg_try_advisory_lock(5878493172211724820)[0m
  [1m[35m (0.5ms)[0m  [1m[34mSELECT "schema_migrations"."version" FROM "schema_migrations" ORDER BY "schema_migrations"."version" ASC[0m
  [1m[36mActiveRecord::InternalMetadata Load (0.3ms)[0m  [1m[34mSELECT "ar_internal_metadata".* FROM "ar_internal_metadata" WHERE "ar_internal_metadata"."key" = $1 LIMIT $2[0m  [["key", "environment"], ["LIMIT", 1]]
  [1m[36mTRANSACTION (0.2ms)[0m  [1m[35mBEGIN[0m
  [1m[36mActiveRecord::InternalMetadata Create (0.5ms)[0m  [1m[32mINSERT INTO "ar_internal_metadata" ("key", "value", "created_at", "updated_at") VALUES ($1, $2, $3, $4) RETURNING "key"[0m  [["key", "environment"], ["value", "development"], ["created_at", "2022-10-25 20:41:18.237489"], ["updated_at", "2022-10-25 20:41:18.237489"]]
  [1m[36mTRANSACTION (0.2ms)[0m  [1m[35mCOMMIT[0m
  [1m[35m (0.3ms)[0m  [1m[34mSELECT pg_advisory_unlock(5878493172211724820)[0m
  [1m[35m (1.0ms)[0m  [1m[34mSELECT "schema_migrations"."version" FROM "schema_migrations" ORDER BY "schema_migrations"."version" ASC[0m
Started GET "/" for 172.19.0.1 at 2022-10-25 20:41:22 +0000
  [1m[35m (1.3ms)[0m  [1m[34mSELECT "schema_migrations"."version" FROM "schema_migrations" ORDER BY "schema_migrations"."version" ASC[0m
Processing by Rails::WelcomeController#index as HTML
  Rendering /usr/local/bundle/gems/railties-6.1.7/lib/rails/templates/rails/welcome/index.html.erb
  Rendered /usr/local/bundle/gems/railties-6.1.7/lib/rails/templates/rails/welcome/index.html.erb (Duration: 4.7ms | Allocations: 403)
Completed 200 OK in 11ms (Views: 7.4ms | ActiveRecord: 0.0ms | Allocations: 3469)


  [1m[35m (14.8ms)[0m  [1m[35mCREATE DATABASE "app-name-here_development" ENCODING = 'unicode'[0m
  [1m[35m (14.5ms)[0m  [1m[35mCREATE DATABASE "testword_development" ENCODING = 'unicode'[0m
Started GET "/" for 172.19.0.1 at 2022-10-26 01:54:09 +0000
  
ActiveRecord::NoDatabaseError (FATAL:  database "testword_development" does not exist
):
  
activerecord (6.1.7) lib/active_record/connection_adapters/postgresql_adapter.rb:81:in `rescue in new_client'
activerecord (6.1.7) lib/active_record/connection_adapters/postgresql_adapter.rb:77:in `new_client'
activerecord (6.1.7) lib/active_record/connection_adapters/postgresql_adapter.rb:37:in `postgresql_connection'
activerecord (6.1.7) lib/active_record/connection_adapters/abstract/connection_pool.rb:882:in `public_send'
activerecord (6.1.7) lib/active_record/connection_adapters/abstract/connection_pool.rb:882:in `new_connection'
activerecord (6.1.7) lib/active_record/connection_adapters/abstract/connection_pool.rb:926:in `checkout_new_connection'
activerecord (6.1.7) lib/active_record/connection_adapters/abstract/connection_pool.rb:905:in `try_to_checkout_new_connection'
activerecord (6.1.7) lib/active_record/connection_adapters/abstract/connection_pool.rb:866:in `acquire_connection'
activerecord (6.1.7) lib/active_record/connection_adapters/abstract/connection_pool.rb:588:in `checkout'
activerecord (6.1.7) lib/active_record/connection_adapters/abstract/connection_pool.rb:428:in `connection'
activerecord (6.1.7) lib/active_record/connection_adapters/abstract/connection_pool.rb:1128:in `retrieve_connection'
activerecord (6.1.7) lib/active_record/connection_handling.rb:327:in `retrieve_connection'
activerecord (6.1.7) lib/active_record/connection_handling.rb:283:in `connection'
activerecord (6.1.7) lib/active_record/migration.rb:611:in `connection'
activerecord (6.1.7) lib/active_record/migration.rb:606:in `build_watcher'
activerecord (6.1.7) lib/active_record/migration.rb:588:in `block in call'
activerecord (6.1.7) lib/active_record/migration.rb:587:in `synchronize'
activerecord (6.1.7) lib/active_record/migration.rb:587:in `call'
actionpack (6.1.7) lib/action_dispatch/middleware/callbacks.rb:27:in `block in call'
activesupport (6.1.7) lib/active_support/callbacks.rb:98:in `run_callbacks'
actionpack (6.1.7) lib/action_dispatch/middleware/callbacks.rb:26:in `call'
actionpack (6.1.7) lib/action_dispatch/middleware/executor.rb:14:in `call'
actionpack (6.1.7) lib/action_dispatch/middleware/actionable_exceptions.rb:18:in `call'
actionpack (6.1.7) lib/action_dispatch/middleware/debug_exceptions.rb:29:in `call'
actionpack (6.1.7) lib/action_dispatch/middleware/show_exceptions.rb:33:in `call'
railties (6.1.7) lib/rails/rack/logger.rb:37:in `call_app'
railties (6.1.7) lib/rails/rack/logger.rb:26:in `block in call'
activesupport (6.1.7) lib/active_support/tagged_logging.rb:99:in `block in tagged'
activesupport (6.1.7) lib/active_support/tagged_logging.rb:37:in `tagged'
activesupport (6.1.7) lib/active_support/tagged_logging.rb:99:in `tagged'
railties (6.1.7) lib/rails/rack/logger.rb:26:in `call'
sprockets-rails (3.4.2) lib/sprockets/rails/quiet_assets.rb:13:in `call'
actionpack (6.1.7) lib/action_dispatch/middleware/remote_ip.rb:81:in `call'
actionpack (6.1.7) lib/action_dispatch/middleware/request_id.rb:26:in `call'
rack (2.2.4) lib/rack/method_override.rb:24:in `call'
rack (2.2.4) lib/rack/runtime.rb:22:in `call'
activesupport (6.1.7) lib/active_support/cache/strategy/local_cache_middleware.rb:29:in `call'
actionpack (6.1.7) lib/action_dispatch/middleware/executor.rb:14:in `call'
actionpack (6.1.7) lib/action_dispatch/middleware/static.rb:24:in `call'
rack (2.2.4) lib/rack/sendfile.rb:110:in `call'
actionpack (6.1.7) lib/action_dispatch/middleware/host_authorization.rb:148:in `call'
railties (6.1.7) lib/rails/engine.rb:539:in `call'
puma (5.6.5) lib/puma/configuration.rb:252:in `call'
puma (5.6.5) lib/puma/request.rb:77:in `block in handle_request'
puma (5.6.5) lib/puma/thread_pool.rb:340:in `with_force_shutdown'
puma (5.6.5) lib/puma/request.rb:76:in `handle_request'
puma (5.6.5) lib/puma/server.rb:443:in `process_client'
puma (5.6.5) lib/puma/thread_pool.rb:147:in `block in spawn_thread'
  [1m[35m (33.4ms)[0m  [1m[35mCREATE DATABASE "testword_development" ENCODING = 'unicode'[0m
  [1m[35m (5.6ms)[0m  [1m[35mCREATE TABLE "schema_migrations" ("version" character varying NOT NULL PRIMARY KEY)[0m
  [1m[35m (3.2ms)[0m  [1m[35mCREATE TABLE "ar_internal_metadata" ("key" character varying NOT NULL PRIMARY KEY, "value" character varying, "created_at" timestamp(6) NOT NULL, "updated_at" timestamp(6) NOT NULL)[0m
  [1m[35m (0.4ms)[0m  [1m[34mSELECT pg_try_advisory_lock(8662743197928925665)[0m
  [1m[35m (1.1ms)[0m  [1m[34mSELECT "schema_migrations"."version" FROM "schema_migrations" ORDER BY "schema_migrations"."version" ASC[0m
  [1m[36mActiveRecord::InternalMetadata Load (0.6ms)[0m  [1m[34mSELECT "ar_internal_metadata".* FROM "ar_internal_metadata" WHERE "ar_internal_metadata"."key" = $1 LIMIT $2[0m  [["key", "environment"], ["LIMIT", 1]]
  [1m[36mTRANSACTION (0.4ms)[0m  [1m[35mBEGIN[0m
  [1m[36mActiveRecord::InternalMetadata Create (0.7ms)[0m  [1m[32mINSERT INTO "ar_internal_metadata" ("key", "value", "created_at", "updated_at") VALUES ($1, $2, $3, $4) RETURNING "key"[0m  [["key", "environment"], ["value", "development"], ["created_at", "2022-10-26 01:54:41.374927"], ["updated_at", "2022-10-26 01:54:41.374927"]]
  [1m[36mTRANSACTION (0.4ms)[0m  [1m[35mCOMMIT[0m
  [1m[35m (0.5ms)[0m  [1m[34mSELECT pg_advisory_unlock(8662743197928925665)[0m
  [1m[35m (1.4ms)[0m  [1m[34mSELECT "schema_migrations"."version" FROM "schema_migrations" ORDER BY "schema_migrations"."version" ASC[0m
Started GET "/" for 172.19.0.1 at 2022-10-26 01:54:45 +0000
  [1m[35m (9.4ms)[0m  [1m[34mSELECT "schema_migrations"."version" FROM "schema_migrations" ORDER BY "schema_migrations"."version" ASC[0m
Processing by Rails::WelcomeController#index as HTML
  Rendering /usr/local/bundle/gems/railties-6.1.7/lib/rails/templates/rails/welcome/index.html.erb
  Rendered /usr/local/bundle/gems/railties-6.1.7/lib/rails/templates/rails/welcome/index.html.erb (Duration: 7.3ms | Allocations: 182)
Completed 200 OK in 15ms (Views: 8.7ms | ActiveRecord: 0.0ms | Allocations: 2015)


  [1m[35m (0.4ms)[0m  [1m[34mSELECT pg_try_advisory_lock(8662743197928925665)[0m
  [1m[35m (2.1ms)[0m  [1m[34mSELECT "schema_migrations"."version" FROM "schema_migrations" ORDER BY "schema_migrations"."version" ASC[0m
Migrating to DeviseCreateUsers (20221026020018)
  [1m[36mTRANSACTION (0.5ms)[0m  [1m[35mBEGIN[0m
  [1m[35m (8.3ms)[0m  [1m[35mCREATE TABLE "users" ("id" bigserial primary key, "email" character varying DEFAULT '' NOT NULL, "encrypted_password" character varying DEFAULT '' NOT NULL, "reset_password_token" character varying, "reset_password_sent_at" timestamp, "remember_created_at" timestamp, "created_at" timestamp(6) NOT NULL, "updated_at" timestamp(6) NOT NULL)[0m
  [1m[35m (2.1ms)[0m  [1m[35mCREATE UNIQUE INDEX "index_users_on_email" ON "users" ("email")[0m
  [1m[35m (2.0ms)[0m  [1m[35mCREATE UNIQUE INDEX "index_users_on_reset_password_token" ON "users" ("reset_password_token")[0m
  [1m[36mActiveRecord::SchemaMigration Create (0.9ms)[0m  [1m[32mINSERT INTO "schema_migrations" ("version") VALUES ($1) RETURNING "version"[0m  [["version", "20221026020018"]]
  [1m[36mTRANSACTION (0.6ms)[0m  [1m[35mCOMMIT[0m
  [1m[36mActiveRecord::InternalMetadata Load (1.0ms)[0m  [1m[34mSELECT "ar_internal_metadata".* FROM "ar_internal_metadata" WHERE "ar_internal_metadata"."key" = $1 LIMIT $2[0m  [["key", "environment"], ["LIMIT", 1]]
  [1m[35m (0.6ms)[0m  [1m[34mSELECT pg_advisory_unlock(8662743197928925665)[0m
  [1m[35m (2.6ms)[0m  [1m[34mSELECT "schema_migrations"."version" FROM "schema_migrations" ORDER BY "schema_migrations"."version" ASC[0m
Started GET "/" for 172.19.0.1 at 2022-10-26 02:44:03 +0000
  
NoMethodError (undefined method `devise' for User (call 'User.connection' to establish a connection):Class):
  
app/models/user.rb:4:in `<class:User>'
app/models/user.rb:3:in `<main>'
config/routes.rb:2:in `block in <main>'
config/routes.rb:1:in `<main>'
Started GET "/" for 172.22.0.1 at 2022-10-26 03:18:12 +0000
  [1m[35m (12.6ms)[0m  [1m[34mSELECT "schema_migrations"."version" FROM "schema_migrations" ORDER BY "schema_migrations"."version" ASC[0m
Processing by Rails::WelcomeController#index as HTML
  Rendering /usr/local/bundle/gems/railties-6.1.7/lib/rails/templates/rails/welcome/index.html.erb
  Rendered /usr/local/bundle/gems/railties-6.1.7/lib/rails/templates/rails/welcome/index.html.erb (Duration: 52.1ms | Allocations: 297)
Completed 200 OK in 95ms (Views: 64.1ms | ActiveRecord: 0.0ms | Allocations: 2352)


Started GET "/rails/info/routes" for 172.22.0.1 at 2022-10-26 03:18:27 +0000
Processing by Rails::InfoController#routes as HTML
  Rendering layout /usr/local/bundle/gems/railties-6.1.7/lib/rails/templates/layouts/application.html.erb
  Rendering /usr/local/bundle/gems/railties-6.1.7/lib/rails/templates/rails/info/routes.html.erb within layouts/application
  Rendered collection of /usr/local/bundle/gems/actionpack-6.1.7/lib/action_dispatch/middleware/templates/routes/_route.html.erb [41 times] (Duration: 29.3ms | Allocations: 4719)
  Rendered /usr/local/bundle/gems/actionpack-6.1.7/lib/action_dispatch/middleware/templates/routes/_table.html.erb (Duration: 8.8ms | Allocations: 1117)
  Rendered /usr/local/bundle/gems/railties-6.1.7/lib/rails/templates/rails/info/routes.html.erb within layouts/application (Duration: 62.0ms | Allocations: 10628)
  Rendered layout /usr/local/bundle/gems/railties-6.1.7/lib/rails/templates/layouts/application.html.erb (Duration: 64.0ms | Allocations: 10852)
Completed 200 OK in 82ms (Views: 77.9ms | ActiveRecord: 0.0ms | Allocations: 11811)


Started GET "/users/sign_in" for 172.22.0.1 at 2022-10-26 03:18:47 +0000
Processing by Devise::SessionsController#new as HTML
  Rendering layout layouts/application.html.erb
  Rendering /usr/local/bundle/gems/devise-4.8.1views/devise/sessions/new.html.erb within layouts/application
  Rendered /usr/local/bundle/gems/devise-4.8.1views/devise/shared/_links.html.erb (Duration: 10.0ms | Allocations: 587)
  Rendered /usr/local/bundle/gems/devise-4.8.1views/devise/sessions/new.html.erb within layouts/application (Duration: 74.7ms | Allocations: 7553)
  Rendered layout layouts/application.html.erb (Duration: 151.5ms | Allocations: 18630)
Completed 500 Internal Server Error in 242ms (ActiveRecord: 14.0ms | Allocations: 25196)


  
ActionView::Template::Error (undefined method `javascript_pack_tag' for #<ActionView::Base:0x00000000007aa8>
Did you mean?  javascript_path
               javascript_tag):
     7:     <%= csp_meta_tag %>
     8: 
     9:     <%= stylesheet_link_tag 'application', media: 'all', 'data-turbolinks-track': 'reload' %>
    10:     <%= javascript_pack_tag 'application', 'data-turbolinks-track': 'reload' %>
    11:   </head>
    12: 
    13:   <body>
  
app/views/layouts/application.html.erb:10
Started GET "/users/sign_in" for 172.22.0.1 at 2022-10-26 03:22:05 +0000
Processing by Devise::SessionsController#new as HTML
  Rendering layout layouts/application.html.erb
  Rendering /usr/local/bundle/gems/devise-4.8.1views/devise/sessions/new.html.erb within layouts/application
  Rendered /usr/local/bundle/gems/devise-4.8.1views/devise/shared/_links.html.erb (Duration: 2.2ms | Allocations: 510)
  Rendered /usr/local/bundle/gems/devise-4.8.1views/devise/sessions/new.html.erb within layouts/application (Duration: 18.5ms | Allocations: 2136)
  Rendered layout layouts/application.html.erb (Duration: 32.0ms | Allocations: 3618)
Completed 200 OK in 51ms (Views: 46.6ms | ActiveRecord: 0.0ms | Allocations: 5438)


Started GET "/users/sign_up" for 172.22.0.1 at 2022-10-26 03:23:33 +0000
Processing by Devise::RegistrationsController#new as HTML
  Rendering layout layouts/application.html.erb
  Rendering /usr/local/bundle/gems/devise-4.8.1views/devise/registrations/new.html.erb within layouts/application
  Rendered /usr/local/bundle/gems/devise-4.8.1views/devise/shared/_error_messages.html.erb (Duration: 2.4ms | Allocations: 186)
  Rendered /usr/local/bundle/gems/devise-4.8.1views/devise/shared/_links.html.erb (Duration: 0.8ms | Allocations: 116)
  Rendered /usr/local/bundle/gems/devise-4.8.1views/devise/registrations/new.html.erb within layouts/application (Duration: 12.9ms | Allocations: 2038)
  Rendered layout layouts/application.html.erb (Duration: 17.5ms | Allocations: 3333)
Completed 200 OK in 25ms (Views: 21.9ms | ActiveRecord: 0.0ms | Allocations: 4630)


Started POST "/users" for 172.22.0.1 at 2022-10-26 03:23:53 +0000
Processing by Devise::RegistrationsController#create as HTML
  Parameters: {"authenticity_token"=>"[FILTERED]", "user"=>{"email"=>"teste@teste", "password"=>"[FILTERED]", "password_confirmation"=>"[FILTERED]"}, "commit"=>"Sign up"}
  [1m[36mTRANSACTION (0.8ms)[0m  [1m[35mBEGIN[0m
  [1m[36mUser Exists? (4.4ms)[0m  [1m[34mSELECT 1 AS one FROM "users" WHERE "users"."email" = $1 LIMIT $2[0m  [["email", "teste@teste"], ["LIMIT", 1]]
  [1m[36mUser Create (2.7ms)[0m  [1m[32mINSERT INTO "users" ("email", "encrypted_password", "created_at", "updated_at") VALUES ($1, $2, $3, $4) RETURNING "id"[0m  [["email", "teste@teste"], ["encrypted_password", "$2a$12$VTb/V1o8PaAPs70spc52eOSqDUe7kAR9Ek7s6lVuaMgfortfKm9WW"], ["created_at", "2022-10-26 03:23:54.329589"], ["updated_at", "2022-10-26 03:23:54.329589"]]
  [1m[36mTRANSACTION (1.4ms)[0m  [1m[35mCOMMIT[0m
Redirected to http://localhost:3000/
Completed 302 Found in 660ms (ActiveRecord: 27.8ms | Allocations: 9888)


Started GET "/" for 172.22.0.1 at 2022-10-26 03:23:54 +0000
Processing by Rails::WelcomeController#index as HTML
  Rendering /usr/local/bundle/gems/railties-6.1.7/lib/rails/templates/rails/welcome/index.html.erb
  Rendered /usr/local/bundle/gems/railties-6.1.7/lib/rails/templates/rails/welcome/index.html.erb (Duration: 10.8ms | Allocations: 178)
Completed 200 OK in 16ms (Views: 13.5ms | ActiveRecord: 0.0ms | Allocations: 702)


Started GET "/sign_in" for 172.22.0.1 at 2022-10-26 03:24:19 +0000
  
ActionController::RoutingError (No route matches [GET] "/sign_in"):
  
Started GET "//users/sign_in" for 172.22.0.1 at 2022-10-26 03:24:30 +0000
Processing by Devise::SessionsController#new as HTML
  [1m[36mUser Load (1.2ms)[0m  [1m[34mSELECT "users".* FROM "users" WHERE "users"."id" = $1 ORDER BY "users"."id" ASC LIMIT $2[0m  [["id", 1], ["LIMIT", 1]]
Redirected to http://localhost:3000/
Filter chain halted as :require_no_authentication rendered or redirected
Completed 302 Found in 25ms (ActiveRecord: 2.6ms | Allocations: 1513)


Started GET "/" for 172.22.0.1 at 2022-10-26 03:24:30 +0000
Processing by Rails::WelcomeController#index as HTML
  Rendering /usr/local/bundle/gems/railties-6.1.7/lib/rails/templates/rails/welcome/index.html.erb
  Rendered /usr/local/bundle/gems/railties-6.1.7/lib/rails/templates/rails/welcome/index.html.erb (Duration: 0.3ms | Allocations: 7)
Completed 200 OK in 3ms (Views: 1.6ms | ActiveRecord: 0.0ms | Allocations: 229)


Started GET "/users/sign_in" for 172.22.0.1 at 2022-10-26 03:24:37 +0000
Processing by Devise::SessionsController#new as HTML
  [1m[36mUser Load (1.7ms)[0m  [1m[34mSELECT "users".* FROM "users" WHERE "users"."id" = $1 ORDER BY "users"."id" ASC LIMIT $2[0m  [["id", 1], ["LIMIT", 1]]
Redirected to http://localhost:3000/
Filter chain halted as :require_no_authentication rendered or redirected
Completed 302 Found in 17ms (ActiveRecord: 1.7ms | Allocations: 1326)


Started GET "/" for 172.22.0.1 at 2022-10-26 03:24:37 +0000
Processing by Rails::WelcomeController#index as HTML
  Rendering /usr/local/bundle/gems/railties-6.1.7/lib/rails/templates/rails/welcome/index.html.erb
  Rendered /usr/local/bundle/gems/railties-6.1.7/lib/rails/templates/rails/welcome/index.html.erb (Duration: 0.7ms | Allocations: 7)
Completed 200 OK in 4ms (Views: 2.4ms | ActiveRecord: 0.0ms | Allocations: 228)


Started GET "/" for 172.22.0.1 at 2022-10-26 03:24:53 +0000
Processing by Rails::WelcomeController#index as HTML
  Rendering /usr/local/bundle/gems/railties-6.1.7/lib/rails/templates/rails/welcome/index.html.erb
  Rendered /usr/local/bundle/gems/railties-6.1.7/lib/rails/templates/rails/welcome/index.html.erb (Duration: 0.9ms | Allocations: 7)
Completed 200 OK in 4ms (Views: 3.1ms | ActiveRecord: 0.0ms | Allocations: 228)


Started GET "/rails/info/routes" for 172.22.0.1 at 2022-10-26 03:25:05 +0000
Processing by Rails::InfoController#routes as HTML
  Rendering layout /usr/local/bundle/gems/railties-6.1.7/lib/rails/templates/layouts/application.html.erb
  Rendering /usr/local/bundle/gems/railties-6.1.7/lib/rails/templates/rails/info/routes.html.erb within layouts/application
  Rendered collection of /usr/local/bundle/gems/actionpack-6.1.7/lib/action_dispatch/middleware/templates/routes/_route.html.erb [41 times] (Duration: 29.4ms | Allocations: 4685)
  Rendered /usr/local/bundle/gems/actionpack-6.1.7/lib/action_dispatch/middleware/templates/routes/_table.html.erb (Duration: 2.5ms | Allocations: 740)
  Rendered /usr/local/bundle/gems/railties-6.1.7/lib/rails/templates/rails/info/routes.html.erb within layouts/application (Duration: 49.6ms | Allocations: 9560)
  Rendered layout /usr/local/bundle/gems/railties-6.1.7/lib/rails/templates/layouts/application.html.erb (Duration: 52.5ms | Allocations: 9776)
Completed 200 OK in 66ms (Views: 62.9ms | ActiveRecord: 0.0ms | Allocations: 10585)


Started GET "/users/sign_in" for 172.22.0.1 at 2022-10-26 03:25:42 +0000
Processing by Devise::SessionsController#new as HTML
  [1m[36mUser Load (5.0ms)[0m  [1m[34mSELECT "users".* FROM "users" WHERE "users"."id" = $1 ORDER BY "users"."id" ASC LIMIT $2[0m  [["id", 1], ["LIMIT", 1]]
Redirected to http://localhost:3000/
Filter chain halted as :require_no_authentication rendered or redirected
Completed 302 Found in 41ms (ActiveRecord: 5.0ms | Allocations: 1332)


Started GET "/" for 172.22.0.1 at 2022-10-26 03:25:42 +0000
Processing by Rails::WelcomeController#index as HTML
  Rendering /usr/local/bundle/gems/railties-6.1.7/lib/rails/templates/rails/welcome/index.html.erb
  Rendered /usr/local/bundle/gems/railties-6.1.7/lib/rails/templates/rails/welcome/index.html.erb (Duration: 0.8ms | Allocations: 7)
Completed 200 OK in 4ms (Views: 2.8ms | ActiveRecord: 0.0ms | Allocations: 230)


Started GET "/users/sign_up" for 172.22.0.1 at 2022-10-26 03:26:06 +0000
Processing by Devise::RegistrationsController#new as HTML
  [1m[36mUser Load (1.4ms)[0m  [1m[34mSELECT "users".* FROM "users" WHERE "users"."id" = $1 ORDER BY "users"."id" ASC LIMIT $2[0m  [["id", 1], ["LIMIT", 1]]
Redirected to http://localhost:3000/
Filter chain halted as :require_no_authentication rendered or redirected
Completed 302 Found in 34ms (ActiveRecord: 1.4ms | Allocations: 1334)


Started GET "/" for 172.22.0.1 at 2022-10-26 03:26:06 +0000
Processing by Rails::WelcomeController#index as HTML
  Rendering /usr/local/bundle/gems/railties-6.1.7/lib/rails/templates/rails/welcome/index.html.erb
  Rendered /usr/local/bundle/gems/railties-6.1.7/lib/rails/templates/rails/welcome/index.html.erb (Duration: 0.7ms | Allocations: 7)
Completed 200 OK in 6ms (Views: 2.4ms | ActiveRecord: 0.0ms | Allocations: 228)


Started GET "/" for 172.22.0.1 at 2022-10-26 03:26:08 +0000
Processing by Rails::WelcomeController#index as HTML
  Rendering /usr/local/bundle/gems/railties-6.1.7/lib/rails/templates/rails/welcome/index.html.erb
  Rendered /usr/local/bundle/gems/railties-6.1.7/lib/rails/templates/rails/welcome/index.html.erb (Duration: 0.4ms | Allocations: 7)
Completed 200 OK in 3ms (Views: 2.4ms | ActiveRecord: 0.0ms | Allocations: 228)


Started GET "/users/sign_up" for 172.22.0.1 at 2022-10-26 03:26:12 +0000
Processing by Devise::RegistrationsController#new as HTML
  [1m[36mUser Load (1.6ms)[0m  [1m[34mSELECT "users".* FROM "users" WHERE "users"."id" = $1 ORDER BY "users"."id" ASC LIMIT $2[0m  [["id", 1], ["LIMIT", 1]]
Redirected to http://localhost:3000/
Filter chain halted as :require_no_authentication rendered or redirected
Completed 302 Found in 17ms (ActiveRecord: 1.6ms | Allocations: 1330)


Started GET "/" for 172.22.0.1 at 2022-10-26 03:26:12 +0000
Processing by Rails::WelcomeController#index as HTML
  Rendering /usr/local/bundle/gems/railties-6.1.7/lib/rails/templates/rails/welcome/index.html.erb
  Rendered /usr/local/bundle/gems/railties-6.1.7/lib/rails/templates/rails/welcome/index.html.erb (Duration: 0.7ms | Allocations: 7)
Completed 200 OK in 4ms (Views: 2.4ms | ActiveRecord: 0.0ms | Allocations: 228)


Started GET "/" for 172.22.0.1 at 2022-10-26 03:26:48 +0000
Processing by Rails::WelcomeController#index as HTML
  Rendering /usr/local/bundle/gems/railties-6.1.7/lib/rails/templates/rails/welcome/index.html.erb
  Rendered /usr/local/bundle/gems/railties-6.1.7/lib/rails/templates/rails/welcome/index.html.erb (Duration: 0.7ms | Allocations: 7)
Completed 200 OK in 4ms (Views: 2.5ms | ActiveRecord: 0.0ms | Allocations: 228)


Started GET "/users/sign_up" for 172.22.0.1 at 2022-10-26 03:26:53 +0000
Processing by Devise::RegistrationsController#new as HTML
  [1m[36mUser Load (2.3ms)[0m  [1m[34mSELECT "users".* FROM "users" WHERE "users"."id" = $1 ORDER BY "users"."id" ASC LIMIT $2[0m  [["id", 1], ["LIMIT", 1]]
Redirected to http://localhost:3000/
Filter chain halted as :require_no_authentication rendered or redirected
Completed 302 Found in 31ms (ActiveRecord: 2.3ms | Allocations: 1317)


Started GET "/" for 172.22.0.1 at 2022-10-26 03:26:53 +0000
Processing by Rails::WelcomeController#index as HTML
  Rendering /usr/local/bundle/gems/railties-6.1.7/lib/rails/templates/rails/welcome/index.html.erb
  Rendered /usr/local/bundle/gems/railties-6.1.7/lib/rails/templates/rails/welcome/index.html.erb (Duration: 0.7ms | Allocations: 7)
Completed 200 OK in 4ms (Views: 2.7ms | ActiveRecord: 0.0ms | Allocations: 228)


Started GET "/" for 172.22.0.1 at 2022-10-26 03:27:25 +0000
Processing by Rails::WelcomeController#index as HTML
  Rendering /usr/local/bundle/gems/railties-6.1.7/lib/rails/templates/rails/welcome/index.html.erb
  Rendered /usr/local/bundle/gems/railties-6.1.7/lib/rails/templates/rails/welcome/index.html.erb (Duration: 1.0ms | Allocations: 7)
Completed 200 OK in 11ms (Views: 8.8ms | ActiveRecord: 0.0ms | Allocations: 228)


Started GET "/rails/info/routes" for 172.22.0.1 at 2022-10-26 03:27:39 +0000
Processing by Rails::InfoController#routes as HTML
  Rendering layout /usr/local/bundle/gems/railties-6.1.7/lib/rails/templates/layouts/application.html.erb
  Rendering /usr/local/bundle/gems/railties-6.1.7/lib/rails/templates/rails/info/routes.html.erb within layouts/application
  Rendered collection of /usr/local/bundle/gems/actionpack-6.1.7/lib/action_dispatch/middleware/templates/routes/_route.html.erb [41 times] (Duration: 24.7ms | Allocations: 4458)
  Rendered /usr/local/bundle/gems/actionpack-6.1.7/lib/action_dispatch/middleware/templates/routes/_table.html.erb (Duration: 1.5ms | Allocations: 159)
  Rendered /usr/local/bundle/gems/railties-6.1.7/lib/rails/templates/rails/info/routes.html.erb within layouts/application (Duration: 44.5ms | Allocations: 8352)
  Rendered layout /usr/local/bundle/gems/railties-6.1.7/lib/rails/templates/layouts/application.html.erb (Duration: 45.7ms | Allocations: 8421)
Completed 200 OK in 50ms (Views: 48.1ms | ActiveRecord: 0.0ms | Allocations: 8694)


Started GET "/users" for 172.22.0.1 at 2022-10-26 03:28:00 +0000
  
ActionController::RoutingError (No route matches [GET] "/users"):
  
Started GET "/users/sign_in" for 172.22.0.1 at 2022-10-26 03:28:20 +0000
Processing by Devise::SessionsController#new as HTML
  [1m[36mUser Load (1.0ms)[0m  [1m[34mSELECT "users".* FROM "users" WHERE "users"."id" = $1 ORDER BY "users"."id" ASC LIMIT $2[0m  [["id", 1], ["LIMIT", 1]]
Redirected to http://localhost:3000/
Filter chain halted as :require_no_authentication rendered or redirected
Completed 302 Found in 29ms (ActiveRecord: 1.0ms | Allocations: 1336)


Started GET "/" for 172.22.0.1 at 2022-10-26 03:28:20 +0000
Processing by Rails::WelcomeController#index as HTML
  Rendering /usr/local/bundle/gems/railties-6.1.7/lib/rails/templates/rails/welcome/index.html.erb
  Rendered /usr/local/bundle/gems/railties-6.1.7/lib/rails/templates/rails/welcome/index.html.erb (Duration: 4.4ms | Allocations: 7)
Completed 200 OK in 12ms (Views: 10.5ms | ActiveRecord: 0.0ms | Allocations: 229)


